#
# A fatal error has been detected by the Java Runtime Environment:
#
#  EXCEPTION_ACCESS_VIOLATION (0xc0000005) at pc=0x00007ffd11d1d9aa, pid=15628, tid=10628
#
# JRE version: Java(TM) SE Runtime Environment (14.0.1+7) (build 14.0.1+7)
# Java VM: Java HotSpot(TM) 64-Bit Server VM (14.0.1+7, mixed mode, sharing, tiered, compressed oops, g1 gc, windows-amd64)
# Problematic frame:
# V  [jvm.dll+0x29d9aa]
#
# No core dump will be written. Minidumps are not enabled by default on client versions of Windows
#
# If you would like to submit a bug report, please visit:
#   https://bugreport.java.com/bugreport/crash.jsp
#

---------------  S U M M A R Y ------------

Command Line: -XX:TieredStopAtLevel=1 -Xverify:none -Dspring.output.ansi.enabled=always -Dcom.sun.management.jmxremote -Dspring.jmx.enabled=true -Dspring.liveBeansView.mbeanDomain -Dspring.application.admin.enabled=true -javaagent:C:\DEV\IntelliJ IDEA 2020.1.2\lib\idea_rt.jar=58150:C:\DEV\IntelliJ IDEA 2020.1.2\bin -Dfile.encoding=UTF-8 com.xjtlubooks.api.ApiApplication

Host: Intel(R) Core(TM) i7-8750H CPU @ 2.20GHz, 12 cores, 15G,  Windows 10 , 64 bit Build 19041 (10.0.19041.292)
Time: Thu Aug  6 14:20:22 2020 中国标准时间 elapsed time: 12167 seconds (0d 3h 22m 47s)

---------------  T H R E A D  ---------------

Current thread (0x0000026530f95800):  GCTaskThread "GC Thread#6" [stack: 0x000000a0bb700000,0x000000a0bb800000] [id=10628]

Stack: [0x000000a0bb700000,0x000000a0bb800000],  sp=0x000000a0bb7ff160,  free space=1020k
Native frames: (J=compiled Java code, j=interpreted, Vv=VM code, C=native code)
V  [jvm.dll+0x29d9aa]
V  [jvm.dll+0x2c76bb]
V  [jvm.dll+0x2d4a87]
V  [jvm.dll+0x2d68cc]
V  [jvm.dll+0x2d5120]
V  [jvm.dll+0x2d6511]
V  [jvm.dll+0x2a45b5]
V  [jvm.dll+0x2a5dd7]
V  [jvm.dll+0x76e5d0]
V  [jvm.dll+0x6ff8ba]
V  [jvm.dll+0x5f72c6]
C  [ucrtbase.dll+0x21542]
C  [KERNEL32.DLL+0x16fd4]
C  [ntdll.dll+0x4cec1]


siginfo: EXCEPTION_ACCESS_VIOLATION (0xc0000005), reading address 0x0000000040000008


Register to memory mapping:

RIP=0x00007ffd11d1d9aa jvm.dll
RAX=0x0 is NULL
RBX=0x000000070403a100 is pointing into object: java.lang.reflect.Method 
{0x000000070403a0e8} - klass: 'java/lang/reflect/Method'
RCX=0x0000000000000014 is an unknown value
RDX=0x0 is NULL
RSP=0x000000a0bb7ff160 points into unknown readable memory: ba db 36 04 07 00 00 00
RBP=0x00000265233b9c00 points into unknown readable memory: ff ff 01 ff ff ff ff ff
RSI=0x0000026531017240 points into unknown readable memory: 08 12 2d 12 fd 7f 00 00
RDI=0x0000026531017240 points into unknown readable memory: 08 12 2d 12 fd 7f 00 00
R8 =0x0000000040000008 is an unknown value
R9 =0x000000070403a0e8 is an oop: java.lang.reflect.Method 
{0x000000070403a0e8} - klass: 'java/lang/reflect/Method'
R10=0x0000000704371c10 is an oop: java.lang.reflect.Method 
{0x0000000704371c10} - klass: 'java/lang/reflect/Method'
R11=0x000000070403a0e8 is an oop: java.lang.reflect.Method 
{0x000000070403a0e8} - klass: 'java/lang/reflect/Method'
R12=0x0 is NULL
R13=0x000000a0bb7ff400 points into unknown readable memory: 78 22 2d 12 fd 7f 00 00
R14=0x000002650aed0388 points into unknown readable memory: 68 12 00 00 8f 0a 00 00
R15=0x0000000000000040 is an unknown value


Registers:
RAX=0x0000000000000000, RBX=0x000000070403a100, RCX=0x0000000000000014, RDX=0x0000000000000000
RSP=0x000000a0bb7ff160, RBP=0x00000265233b9c00, RSI=0x0000026531017240, RDI=0x0000026531017240
R8 =0x0000000040000008, R9 =0x000000070403a0e8, R10=0x0000000704371c10, R11=0x000000070403a0e8
R12=0x0000000000000000, R13=0x000000a0bb7ff400, R14=0x000002650aed0388, R15=0x0000000000000040
RIP=0x00007ffd11d1d9aa, EFLAGS=0x0000000000010246

Top of Stack: (sp=0x000000a0bb7ff160)
0x000000a0bb7ff160:   000000070436dbba 0000026531010001
0x000000a0bb7ff170:   0000026531017240 00007ffd11d5014d
0x000000a0bb7ff180:   000002650aed0380 00007ffd11d476bb
0x000000a0bb7ff190:   0000000000001268 000000a0bb7ff270
0x000000a0bb7ff1a0:   00000007031613f0 00000265233b9b00
0x000000a0bb7ff1b0:   000002650aec4100 00007ffd11d53fd4
0x000000a0bb7ff1c0:   0000000703161410 0000001c5494d5b3
0x000000a0bb7ff1d0:   0000000000000000 0000001c5494d5b3
0x000000a0bb7ff1e0:   0000000000000000 0000000000000140
0x000000a0bb7ff1f0:   0000000000000000 00007ffd1207222f
0x000000a0bb7ff200:   000002650aeceda0 00000265233b9b00
0x000000a0bb7ff210:   000000a0bb7ff400 00000265233b9c00
0x000000a0bb7ff220:   0000000703161410 0000000000009b00
0x000000a0bb7ff230:   0000000000000005 00007ffd11d54a87
0x000000a0bb7ff240:   0000000703160a00 000000a0bb7ff260
0x000000a0bb7ff250:   000000a0bb7ff270 000000070403a101 

Instructions: (pc=0x00007ffd11d1d9aa)
0x00007ffd11d1d8aa:   00 00 00 e8 ae 07 03 00 48 8b 4c 24 38 4c 8b cf
0x00007ffd11d1d8ba:   48 89 4c 24 28 4c 8b c5 48 8b 4c 24 30 48 8b d6
0x00007ffd11d1d8ca:   48 89 4c 24 20 48 8b d8 49 8b ce e8 a6 01 35 00
0x00007ffd11d1d8da:   4c 8d 9c 24 90 00 00 00 48 8b c3 49 8b 5b 10 49
0x00007ffd11d1d8ea:   8b 6b 18 49 8b 73 20 49 8b 7b 28 49 8b e3 41 5e
0x00007ffd11d1d8fa:   c3 cc cc cc cc cc 48 8b 81 18 01 00 00 48 2b c2
0x00007ffd11d1d90a:   48 89 81 18 01 00 00 c3 cc cc cc cc cc cc cc cc
0x00007ffd11d1d91a:   cc cc cc cc cc cc 80 3d 21 d6 7b 00 00 74 08 48
0x00007ffd11d1d92a:   8b ca e9 6f 44 3e 00 c3 cc cc cc cc cc cc cc cc
0x00007ffd11d1d93a:   cc cc cc cc cc cc 66 c7 02 00 ff 48 8b c2 c3 cc
0x00007ffd11d1d94a:   cc cc cc cc cc cc 48 89 5c 24 08 57 48 83 ec 20
0x00007ffd11d1d95a:   48 8b da 48 8b f9 f6 c2 01 0f 84 00 01 00 00 8b
0x00007ffd11d1d96a:   0d 21 1a 72 00 48 83 e3 fe 48 8b 47 08 44 8b 03
0x00007ffd11d1d97a:   49 d3 e0 8b 88 48 04 00 00 48 8b 80 38 04 00 00
0x00007ffd11d1d98a:   4c 03 05 f7 19 72 00 49 8b d0 48 d3 ea 0f b7 14
0x00007ffd11d1d99a:   50 0f b7 c2 66 c1 e8 08 84 c0 0f 88 a3 01 00 00
0x00007ffd11d1d9aa:   4d 8b 08 41 0f b6 c1 24 03 3c 03 75 1e 80 3d ca
0x00007ffd11d1d9ba:   2c 72 00 00 74 0f 41 0f b6 c1 24 07 3c 05 75 05
0x00007ffd11d1d9ca:   45 33 c9 eb 11 49 83 e1 fc eb 0b 48 8b cf e8 53
0x00007ffd11d1d9da:   b8 02 00 4c 8b c8 8b 0d aa 19 72 00 49 8b c1 48
0x00007ffd11d1d9ea:   2b 05 98 19 72 00 48 d3 e8 89 03 49 8b c1 8b 0d
0x00007ffd11d1d9fa:   f2 30 7a 00 48 33 c3 48 d3 e8 48 85 c0 0f 84 40
0x00007ffd11d1da0a:   01 00 00 48 8b 47 08 48 8b d3 48 8b 80 00 01 00
0x00007ffd11d1da1a:   00 8b 48 68 48 8b 40 58 48 d3 ea 48 8b 0c d0 8b
0x00007ffd11d1da2a:   81 cc 00 00 00 d1 e8 a8 01 0f 85 14 01 00 00 48
0x00007ffd11d1da3a:   8b 47 08 49 8b d1 4c 8b c3 8b 88 48 04 00 00 48
0x00007ffd11d1da4a:   8b 80 38 04 00 00 48 d3 ea 48 8b cf 0f b7 14 50
0x00007ffd11d1da5a:   48 8b 5c 24 30 48 83 c4 20 5f e9 b7 d4 ff ff 0f
0x00007ffd11d1da6a:   b6 c3 d0 e8 a8 01 0f 85 d2 00 00 00 4c 8b 02 48
0x00007ffd11d1da7a:   8b 41 08 49 8b d0 8b 88 48 04 00 00 48 8b 80 38
0x00007ffd11d1da8a:   04 00 00 48 d3 ea 0f b7 14 50 0f b7 c2 66 c1 e8
0x00007ffd11d1da9a:   08 84 c0 0f 88 aa 00 00 00 4d 8b 08 41 0f b6 c1 


Stack slot to memory mapping:
stack at sp + 0 slots: 0x000000070436dbba is pointing into object: [Ljava.util.concurrent.ConcurrentHashMap$Node; 
{0x000000070436dbb8} - klass: 'java/util/concurrent/ConcurrentHashMap$Node'[]
 - length: 256
stack at sp + 1 slots: 0x0000026531010001 points into unknown readable memory: 00 00 00 00 00 00 00
stack at sp + 2 slots: 0x0000026531017240 points into unknown readable memory: 08 12 2d 12 fd 7f 00 00
stack at sp + 3 slots: 0x00007ffd11d5014d jvm.dll
stack at sp + 4 slots: 0x000002650aed0380 points into unknown readable memory: 68 12 00 00 00 00 00 00
stack at sp + 5 slots: 0x00007ffd11d476bb jvm.dll
stack at sp + 6 slots: 0x0000000000001268 is an unknown value
stack at sp + 7 slots: 0x000000a0bb7ff270 points into unknown readable memory: 70 20 2d 12 fd 7f 00 00


---------------  P R O C E S S  ---------------

Threads class SMR info:
_java_thread_list=0x0000026531855b20, length=33, elements={
0x000002652f080000, 0x000002652f083800, 0x000002652f08e800, 0x000002652f923000,
0x000002652f926800, 0x000002652f92a800, 0x000002652f92f800, 0x000002652f062000,
0x000002652fc68000, 0x000002652fcb1000, 0x000002652fe2b000, 0x0000026531650800,
0x00000265317b3800, 0x00000265319f2000, 0x00000265319ea800, 0x00000265317b5000,
0x00000265317b5800, 0x00000265317b6800, 0x00000265317ba000, 0x00000265317b7800,
0x00000265317b4000, 0x00000265319ee000, 0x00000265319ee800, 0x00000265319ef800,
0x00000265319f1000, 0x00000265319f0800, 0x00000265319eb800, 0x00000265319ec800,
0x00000265319f3000, 0x00000265319ed000, 0x00000265319f6000, 0x00000265319f5000,
0x00000265319f7800
}

Java Threads: ( => current thread )
  0x000002652f080000 JavaThread "Reference Handler" daemon [_thread_blocked, id=6584, stack(0x000000a0b9b00000,0x000000a0b9c00000)]
  0x000002652f083800 JavaThread "Finalizer" daemon [_thread_blocked, id=14640, stack(0x000000a0b9c00000,0x000000a0b9d00000)]
  0x000002652f08e800 JavaThread "Signal Dispatcher" daemon [_thread_blocked, id=8544, stack(0x000000a0b9d00000,0x000000a0b9e00000)]
  0x000002652f923000 JavaThread "Attach Listener" daemon [_thread_blocked, id=18260, stack(0x000000a0b9e00000,0x000000a0b9f00000)]
  0x000002652f926800 JavaThread "Service Thread" daemon [_thread_blocked, id=3812, stack(0x000000a0b9f00000,0x000000a0ba000000)]
  0x000002652f92a800 JavaThread "C1 CompilerThread0" daemon [_thread_blocked, id=11132, stack(0x000000a0ba000000,0x000000a0ba100000)]
  0x000002652f92f800 JavaThread "Sweeper thread" daemon [_thread_blocked, id=7876, stack(0x000000a0ba100000,0x000000a0ba200000)]
  0x000002652f062000 JavaThread "Common-Cleaner" daemon [_thread_blocked, id=4220, stack(0x000000a0ba200000,0x000000a0ba300000)]
  0x000002652fc68000 JavaThread "Monitor Ctrl-Break" daemon [_thread_in_native, id=13800, stack(0x000000a0ba300000,0x000000a0ba400000)]
  0x000002652fcb1000 JavaThread "Notification Thread" daemon [_thread_blocked, id=7184, stack(0x000000a0ba400000,0x000000a0ba500000)]
  0x000002652fe2b000 JavaThread "RMI TCP Accept-0" daemon [_thread_in_native, id=17048, stack(0x000000a0ba500000,0x000000a0ba600000)]
  0x0000026531650800 JavaThread "RMI Scheduler(0)" daemon [_thread_blocked, id=10648, stack(0x000000a0baf00000,0x000000a0bb000000)]
  0x00000265317b3800 JavaThread "Live Reload Server" daemon [_thread_in_native, id=10556, stack(0x000000a0bbd00000,0x000000a0bbe00000)]
  0x00000265319f2000 JavaThread "DestroyJavaVM" [_thread_blocked, id=9804, stack(0x000000a0b9400000,0x000000a0b9500000)]
  0x00000265319ea800 JavaThread "File Watcher" daemon [_thread_blocked, id=15752, stack(0x000000a0b9200000,0x000000a0b9300000)]
  0x00000265317b5000 JavaThread "Catalina-utility-1" [_thread_blocked, id=9272, stack(0x000000a0bac00000,0x000000a0bad00000)]
  0x00000265317b5800 JavaThread "Catalina-utility-2" [_thread_blocked, id=11220, stack(0x000000a0bad00000,0x000000a0bae00000)]
  0x00000265317b6800 JavaThread "container-1" [_thread_blocked, id=15544, stack(0x000000a0bae00000,0x000000a0baf00000)]
  0x00000265317ba000 JavaThread "cluster-ClusterId{value='5f2b72e14362205332d42c9f', description='null'}-aruix.world:27017" daemon [_thread_blocked, id=8460, stack(0x000000a0bb000000,0x000000a0bb100000)]
  0x00000265317b7800 JavaThread "File Watcher" daemon [_thread_blocked, id=9716, stack(0x000000a0bb300000,0x000000a0bb400000)]
  0x00000265317b4000 JavaThread "http-nio-7022-BlockPoller" daemon [_thread_blocked, id=8784, stack(0x000000a0bb400000,0x000000a0bb500000)]
  0x00000265319ee000 JavaThread "http-nio-7022-exec-1" daemon [_thread_blocked, id=7012, stack(0x000000a0bb500000,0x000000a0bb600000)]
  0x00000265319ee800 JavaThread "http-nio-7022-exec-2" daemon [_thread_blocked, id=6540, stack(0x000000a0bb600000,0x000000a0bb700000)]
  0x00000265319ef800 JavaThread "http-nio-7022-exec-3" daemon [_thread_blocked, id=17008, stack(0x000000a0bbc00000,0x000000a0bbd00000)]
  0x00000265319f1000 JavaThread "http-nio-7022-exec-4" daemon [_thread_blocked, id=6652, stack(0x000000a0bbe00000,0x000000a0bbf00000)]
  0x00000265319f0800 JavaThread "http-nio-7022-exec-5" daemon [_thread_blocked, id=12976, stack(0x000000a0bbf00000,0x000000a0bc000000)]
  0x00000265319eb800 JavaThread "http-nio-7022-exec-6" daemon [_thread_blocked, id=3112, stack(0x000000a0bc000000,0x000000a0bc100000)]
  0x00000265319ec800 JavaThread "http-nio-7022-exec-7" daemon [_thread_blocked, id=6628, stack(0x000000a0bc100000,0x000000a0bc200000)]
  0x00000265319f3000 JavaThread "http-nio-7022-exec-8" daemon [_thread_blocked, id=10972, stack(0x000000a0bc200000,0x000000a0bc300000)]
  0x00000265319ed000 JavaThread "http-nio-7022-exec-9" daemon [_thread_blocked, id=11084, stack(0x000000a0bc300000,0x000000a0bc400000)]
  0x00000265319f6000 JavaThread "http-nio-7022-exec-10" daemon [_thread_blocked, id=6720, stack(0x000000a0bc400000,0x000000a0bc500000)]
  0x00000265319f5000 JavaThread "http-nio-7022-ClientPoller" daemon [_thread_blocked, id=3024, stack(0x000000a0bc500000,0x000000a0bc600000)]
  0x00000265319f7800 JavaThread "http-nio-7022-Acceptor" daemon [_thread_in_native, id=6704, stack(0x000000a0bc600000,0x000000a0bc700000)]

Other Threads:
  0x000002652f078000 VMThread "VM Thread" [stack: 0x000000a0b9a00000,0x000000a0b9b00000] [id=13512]
  0x000002652fe14800 WatcherThread [stack: 0x000000a0ba600000,0x000000a0ba700000] [id=18380]
  0x000002650af1b800 GCTaskThread "GC Thread#0" [stack: 0x000000a0b9500000,0x000000a0b9600000] [id=18148]
  0x000002653003e000 GCTaskThread "GC Thread#1" [stack: 0x000000a0ba700000,0x000000a0ba800000] [id=7340]
  0x000002652fef8800 GCTaskThread "GC Thread#2" [stack: 0x000000a0ba800000,0x000000a0ba900000] [id=9380]
  0x000002652fef9800 GCTaskThread "GC Thread#3" [stack: 0x000000a0ba900000,0x000000a0baa00000] [id=8032]
  0x00000265301c3800 GCTaskThread "GC Thread#4" [stack: 0x000000a0baa00000,0x000000a0bab00000] [id=9080]
  0x00000265301c4000 GCTaskThread "GC Thread#5" [stack: 0x000000a0bab00000,0x000000a0bac00000] [id=8372]
=>0x0000026530f95800 GCTaskThread "GC Thread#6" [stack: 0x000000a0bb700000,0x000000a0bb800000] [id=10628]
  0x0000026530f91800 GCTaskThread "GC Thread#7" [stack: 0x000000a0bb800000,0x000000a0bb900000] [id=4776]
  0x0000026530f92000 GCTaskThread "GC Thread#8" [stack: 0x000000a0bb900000,0x000000a0bba00000] [id=10120]
  0x0000026530f92800 GCTaskThread "GC Thread#9" [stack: 0x000000a0bba00000,0x000000a0bbb00000] [id=17620]
  0x000002650af3f000 ConcurrentGCThread "G1 Main Marker" [stack: 0x000000a0b9600000,0x000000a0b9700000] [id=11092]
  0x000002650af40800 ConcurrentGCThread "G1 Conc#0" [stack: 0x000000a0b9700000,0x000000a0b9800000] [id=16536]
  0x000002653044c800 ConcurrentGCThread "G1 Conc#1" [stack: 0x000000a0bb100000,0x000000a0bb200000] [id=15760]
  0x00000265317d2000 ConcurrentGCThread "G1 Conc#2" [stack: 0x000000a0bb200000,0x000000a0bb300000] [id=4044]
  0x000002652ef63000 ConcurrentGCThread "G1 Refine#0" [stack: 0x000000a0b9800000,0x000000a0b9900000] [id=5332]
  0x000002652ef64800 ConcurrentGCThread "G1 Young RemSet Sampling" [stack: 0x000000a0b9900000,0x000000a0b9a00000] [id=6092]

Threads with active compile tasks:

VM state:at safepoint (normal execution)

VM Mutex/Monitor currently owned by a thread:  ([mutex/lock_event])
[0x000002650aeb21e0] Threads_lock - owner thread: 0x000002652f078000
[0x000002650aeb0ad0] Heap_lock - owner thread: 0x00000265319ea800

Heap address: 0x0000000701e00000, size: 4066 MB, Compressed Oops mode: Zero based, Oop shift amount: 3
Narrow klass base: 0x0000000800000000, Narrow klass shift: 3
Compressed class space size: 1073741824 Address: 0x0000000800b30000

Heap:
 garbage-first heap   total 81920K, used 66964K [0x0000000701e00000, 0x0000000800000000)
  region size 1024K, 43 young (44032K), 3 survivors (3072K)
 Metaspace       used 39138K, capacity 41204K, committed 41344K, reserved 1085440K
  class space    used 5401K, capacity 6181K, committed 6272K, reserved 1048576K
Heap Regions: E=young(eden), S=young(survivor), O=old, HS=humongous(starts), HC=humongous(continues), CS=collection set, F=free, OA=open archive, CA=closed archive, TAMS=top-at-mark-start (previous, next)
|   0|0x0000000701e00000, 0x0000000701efffd8, 0x0000000701f00000| 99%| O|  |TAMS 0x0000000701e00000, 0x0000000701e00000| Untracked 
|   1|0x0000000701f00000, 0x0000000701fffff0, 0x0000000702000000| 99%| O|  |TAMS 0x0000000701f00000, 0x0000000701f00000| Untracked 
|   2|0x0000000702000000, 0x00000007020fffc8, 0x0000000702100000| 99%| O|  |TAMS 0x0000000702000000, 0x0000000702000000| Untracked 
|   3|0x0000000702100000, 0x00000007021fffe0, 0x0000000702200000| 99%| O|  |TAMS 0x0000000702100000, 0x0000000702100000| Untracked 
|   4|0x0000000702200000, 0x00000007022fffc0, 0x0000000702300000| 99%| O|  |TAMS 0x0000000702200000, 0x0000000702200000| Untracked 
|   5|0x0000000702300000, 0x00000007023fffc0, 0x0000000702400000| 99%| O|  |TAMS 0x0000000702300000, 0x0000000702300000| Untracked 
|   6|0x0000000702400000, 0x00000007024fffc8, 0x0000000702500000| 99%| O|  |TAMS 0x0000000702400000, 0x0000000702400000| Untracked 
|   7|0x0000000702500000, 0x0000000702600000, 0x0000000702600000|100%| O|  |TAMS 0x0000000702500000, 0x0000000702500000| Untracked 
|   8|0x0000000702600000, 0x00000007026ff1f8, 0x0000000702700000| 99%| O|  |TAMS 0x0000000702600000, 0x0000000702600000| Untracked 
|   9|0x0000000702700000, 0x00000007027fffe0, 0x0000000702800000| 99%| O|  |TAMS 0x0000000702700000, 0x0000000702700000| Untracked 
|  10|0x0000000702800000, 0x00000007028fffe0, 0x0000000702900000| 99%| O|  |TAMS 0x0000000702800000, 0x0000000702800000| Untracked 
|  11|0x0000000702900000, 0x00000007029fff78, 0x0000000702a00000| 99%| O|  |TAMS 0x0000000702900000, 0x0000000702900000| Untracked 
|  12|0x0000000702a00000, 0x0000000702b00000, 0x0000000702b00000|100%| O|  |TAMS 0x0000000702a00000, 0x0000000702a00000| Untracked 
|  13|0x0000000702b00000, 0x0000000702bffff0, 0x0000000702c00000| 99%| O|  |TAMS 0x0000000702b00000, 0x0000000702b00000| Untracked 
|  14|0x0000000702c00000, 0x0000000702cffff8, 0x0000000702d00000| 99%| O|  |TAMS 0x0000000702c00000, 0x0000000702c00000| Untracked 
|  15|0x0000000702d00000, 0x0000000702dfff20, 0x0000000702e00000| 99%| O|  |TAMS 0x0000000702d00000, 0x0000000702d00000| Untracked 
|  16|0x0000000702e00000, 0x0000000702ef0da0, 0x0000000702f00000| 94%| O|  |TAMS 0x0000000702e00000, 0x0000000702e00000| Untracked 
|  17|0x0000000702f00000, 0x0000000702fffff0, 0x0000000703000000| 99%| O|  |TAMS 0x0000000702f00000, 0x0000000702f00000| Untracked 
|  18|0x0000000703000000, 0x00000007030fffd8, 0x0000000703100000| 99%| O|  |TAMS 0x0000000703000000, 0x0000000703000000| Untracked 
|  19|0x0000000703100000, 0x0000000703200000, 0x0000000703200000|100%| O|  |TAMS 0x0000000703100000, 0x0000000703100000| Untracked 
|  20|0x0000000703200000, 0x00000007032b4bc0, 0x0000000703300000| 70%| O|  |TAMS 0x0000000703200000, 0x0000000703200000| Untracked 
|  21|0x0000000703300000, 0x00000007033a82e8, 0x0000000703400000| 65%| O|  |TAMS 0x0000000703300000, 0x0000000703300000| Untracked 
|  22|0x0000000703400000, 0x000000070347d3c8, 0x0000000703500000| 48%| O|  |TAMS 0x0000000703400000, 0x0000000703400000| Untracked 
|  23|0x0000000703500000, 0x0000000703576600, 0x0000000703600000| 46%| O|  |TAMS 0x0000000703500000, 0x0000000703500000| Untracked 
|  24|0x0000000703600000, 0x0000000703600000, 0x0000000703700000|  0%| F|  |TAMS 0x0000000703600000, 0x0000000703600000| Untracked 
|  25|0x0000000703700000, 0x0000000703700000, 0x0000000703800000|  0%| F|  |TAMS 0x0000000703700000, 0x0000000703700000| Untracked 
|  26|0x0000000703800000, 0x0000000703800000, 0x0000000703900000|  0%| F|  |TAMS 0x0000000703800000, 0x0000000703800000| Untracked 
|  27|0x0000000703900000, 0x0000000703900000, 0x0000000703a00000|  0%| F|  |TAMS 0x0000000703900000, 0x0000000703900000| Untracked 
|  28|0x0000000703a00000, 0x0000000703a00000, 0x0000000703b00000|  0%| F|  |TAMS 0x0000000703a00000, 0x0000000703a00000| Untracked 
|  29|0x0000000703b00000, 0x0000000703b00000, 0x0000000703c00000|  0%| F|  |TAMS 0x0000000703b00000, 0x0000000703b00000| Untracked 
|  30|0x0000000703c00000, 0x0000000703c00000, 0x0000000703d00000|  0%| F|  |TAMS 0x0000000703c00000, 0x0000000703c00000| Untracked 
|  31|0x0000000703d00000, 0x0000000703d647d8, 0x0000000703e00000| 39%| O|  |TAMS 0x0000000703d00000, 0x0000000703d00000| Untracked 
|  32|0x0000000703e00000, 0x0000000703e00000, 0x0000000703f00000|  0%| F|  |TAMS 0x0000000703e00000, 0x0000000703e00000| Untracked 
|  33|0x0000000703f00000, 0x0000000703f425e0, 0x0000000704000000| 25%| S|  |TAMS 0x0000000703f00000, 0x0000000703f00000| Complete 
|  34|0x0000000704000000, 0x0000000704100000, 0x0000000704100000|100%| S|  |TAMS 0x0000000704000000, 0x0000000704000000| Complete 
|  35|0x0000000704100000, 0x00000007041876f0, 0x0000000704200000| 52%| E|CS|TAMS 0x0000000704100000, 0x0000000704100000| Complete 
|  36|0x0000000704200000, 0x0000000704300000, 0x0000000704300000|100%| S|  |TAMS 0x0000000704200000, 0x0000000704200000| Complete 
|  37|0x0000000704300000, 0x0000000704400000, 0x0000000704400000|100%| E|CS|TAMS 0x0000000704300000, 0x0000000704300000| Complete 
|  38|0x0000000704400000, 0x0000000704500000, 0x0000000704500000|100%| E|CS|TAMS 0x0000000704400000, 0x0000000704400000| Complete 
|  39|0x0000000704500000, 0x0000000704600000, 0x0000000704600000|100%| E|CS|TAMS 0x0000000704500000, 0x0000000704500000| Complete 
|  40|0x0000000704600000, 0x0000000704638d60, 0x0000000704700000| 22%| O|  |TAMS 0x0000000704600000, 0x0000000704600000| Untracked 
|  41|0x0000000704700000, 0x0000000704800000, 0x0000000704800000|100%| E|CS|TAMS 0x0000000704700000, 0x0000000704700000| Complete 
|  42|0x0000000704800000, 0x0000000704900000, 0x0000000704900000|100%| E|CS|TAMS 0x0000000704800000, 0x0000000704800000| Complete 
|  43|0x0000000704900000, 0x0000000704a00000, 0x0000000704a00000|100%| E|CS|TAMS 0x0000000704900000, 0x0000000704900000| Complete 
|  44|0x0000000704a00000, 0x0000000704b00000, 0x0000000704b00000|100%| E|CS|TAMS 0x0000000704a00000, 0x0000000704a00000| Complete 
|  45|0x0000000704b00000, 0x0000000704c00000, 0x0000000704c00000|100%| E|CS|TAMS 0x0000000704b00000, 0x0000000704b00000| Complete 
|  46|0x0000000704c00000, 0x0000000704d00000, 0x0000000704d00000|100%| E|CS|TAMS 0x0000000704c00000, 0x0000000704c00000| Complete 
|  47|0x0000000704d00000, 0x0000000704e00000, 0x0000000704e00000|100%| E|CS|TAMS 0x0000000704d00000, 0x0000000704d00000| Complete 
|  48|0x0000000704e00000, 0x0000000704f00000, 0x0000000704f00000|100%| E|CS|TAMS 0x0000000704e00000, 0x0000000704e00000| Complete 
|  49|0x0000000704f00000, 0x0000000705000000, 0x0000000705000000|100%| E|CS|TAMS 0x0000000704f00000, 0x0000000704f00000| Complete 
|  50|0x0000000705000000, 0x0000000705100000, 0x0000000705100000|100%| E|CS|TAMS 0x0000000705000000, 0x0000000705000000| Complete 
|  51|0x0000000705100000, 0x0000000705200000, 0x0000000705200000|100%| E|CS|TAMS 0x0000000705100000, 0x0000000705100000| Complete 
|  52|0x0000000705200000, 0x0000000705300000, 0x0000000705300000|100%| E|CS|TAMS 0x0000000705200000, 0x0000000705200000| Complete 
|  53|0x0000000705300000, 0x0000000705400000, 0x0000000705400000|100%| E|CS|TAMS 0x0000000705300000, 0x0000000705300000| Complete 
|  54|0x0000000705400000, 0x0000000705500000, 0x0000000705500000|100%| E|CS|TAMS 0x0000000705400000, 0x0000000705400000| Complete 
|  55|0x0000000705500000, 0x0000000705600000, 0x0000000705600000|100%| E|CS|TAMS 0x0000000705500000, 0x0000000705500000| Complete 
|  56|0x0000000705600000, 0x0000000705700000, 0x0000000705700000|100%| E|CS|TAMS 0x0000000705600000, 0x0000000705600000| Complete 
|  57|0x0000000705700000, 0x0000000705800000, 0x0000000705800000|100%| E|CS|TAMS 0x0000000705700000, 0x0000000705700000| Complete 
|  58|0x0000000705800000, 0x0000000705900000, 0x0000000705900000|100%| E|CS|TAMS 0x0000000705800000, 0x0000000705800000| Complete 
|  59|0x0000000705900000, 0x0000000705a00000, 0x0000000705a00000|100%| E|CS|TAMS 0x0000000705900000, 0x0000000705900000| Complete 
|  60|0x0000000705a00000, 0x0000000705b00000, 0x0000000705b00000|100%| E|CS|TAMS 0x0000000705a00000, 0x0000000705a00000| Complete 
|  61|0x0000000705b00000, 0x0000000705c00000, 0x0000000705c00000|100%| E|CS|TAMS 0x0000000705b00000, 0x0000000705b00000| Complete 
|  62|0x0000000705c00000, 0x0000000705d00000, 0x0000000705d00000|100%| E|CS|TAMS 0x0000000705c00000, 0x0000000705c00000| Complete 
|  63|0x0000000705d00000, 0x0000000705e00000, 0x0000000705e00000|100%| E|CS|TAMS 0x0000000705d00000, 0x0000000705d00000| Complete 
|  64|0x0000000705e00000, 0x0000000705f00000, 0x0000000705f00000|100%| E|CS|TAMS 0x0000000705e00000, 0x0000000705e00000| Complete 
|  65|0x0000000705f00000, 0x0000000706000000, 0x0000000706000000|100%| E|CS|TAMS 0x0000000705f00000, 0x0000000705f00000| Complete 
|  66|0x0000000706000000, 0x0000000706100000, 0x0000000706100000|100%| E|CS|TAMS 0x0000000706000000, 0x0000000706000000| Complete 
|  67|0x0000000706100000, 0x0000000706200000, 0x0000000706200000|100%| E|CS|TAMS 0x0000000706100000, 0x0000000706100000| Complete 
|  68|0x0000000706200000, 0x0000000706300000, 0x0000000706300000|100%| E|CS|TAMS 0x0000000706200000, 0x0000000706200000| Complete 
|  69|0x0000000706300000, 0x0000000706400000, 0x0000000706400000|100%| E|CS|TAMS 0x0000000706300000, 0x0000000706300000| Complete 
|  70|0x0000000706400000, 0x0000000706500000, 0x0000000706500000|100%| E|CS|TAMS 0x0000000706400000, 0x0000000706400000| Complete 
|  71|0x0000000706500000, 0x0000000706600000, 0x0000000706600000|100%| E|CS|TAMS 0x0000000706500000, 0x0000000706500000| Complete 
|  72|0x0000000706600000, 0x0000000706700000, 0x0000000706700000|100%| E|CS|TAMS 0x0000000706600000, 0x0000000706600000| Complete 
|  73|0x0000000706700000, 0x0000000706800000, 0x0000000706800000|100%| E|CS|TAMS 0x0000000706700000, 0x0000000706700000| Complete 
|  74|0x0000000706800000, 0x0000000706900000, 0x0000000706900000|100%| E|CS|TAMS 0x0000000706800000, 0x0000000706800000| Complete 
|  75|0x0000000706900000, 0x0000000706a00000, 0x0000000706a00000|100%| E|CS|TAMS 0x0000000706900000, 0x0000000706900000| Complete 
|  76|0x0000000706a00000, 0x0000000706b00000, 0x0000000706b00000|100%| E|CS|TAMS 0x0000000706a00000, 0x0000000706a00000| Complete 
|  77|0x0000000706b00000, 0x0000000706c00000, 0x0000000706c00000|100%| E|CS|TAMS 0x0000000706b00000, 0x0000000706b00000| Complete 
|  78|0x0000000706c00000, 0x0000000706d00000, 0x0000000706d00000|100%| E|CS|TAMS 0x0000000706c00000, 0x0000000706c00000| Complete 
|  79|0x0000000706d00000, 0x0000000706e00000, 0x0000000706e00000|100%| E|CS|TAMS 0x0000000706d00000, 0x0000000706d00000| Complete 

Card table byte_map: [0x00000265233b0000,0x0000026523bb0000] _byte_map_base: 0x000002651fba1000

Marking Bits (Prev, Next): (CMBitMap*) 0x000002650af1e648, (CMBitMap*) 0x000002650af1e688
 Prev Bits: [0x00000265243b0000, 0x0000026528338000)
 Next Bits: [0x0000026528340000, 0x000002652c2c8000)

Polling page: 0x0000026508e40000

Metaspace:

Usage:
  Non-class:     34.20 MB capacity,    32.95 MB ( 96%) used,     1.07 MB (  3%) free+waste,   194.31 KB ( <1%) overhead. 
      Class:      6.04 MB capacity,     5.27 MB ( 87%) used,   680.92 KB ( 11%) free+waste,    98.94 KB (  2%) overhead. 
       Both:     40.24 MB capacity,    38.22 MB ( 95%) used,     1.73 MB (  4%) free+waste,   293.25 KB ( <1%) overhead. 

Virtual space:
  Non-class space:       36.00 MB reserved,      34.25 MB ( 95%) committed 
      Class space:        1.00 GB reserved,       6.13 MB ( <1%) committed 
             Both:        1.04 GB reserved,      40.38 MB (  4%) committed 

Chunk freelists:
   Non-Class:  49.00 KB
       Class:  27.00 KB
        Both:  76.00 KB

MaxMetaspaceSize: 17179869184.00 GB
CompressedClassSpaceSize: 1.00 GB

CodeHeap 'non-profiled nmethods': size=238336Kb used=12843Kb max_used=12843Kb free=225492Kb
 bounds [0x0000026513da0000, 0x0000026514a30000, 0x0000026522660000]
CodeHeap 'non-nmethods': size=7424Kb used=1262Kb max_used=1262Kb free=6161Kb
 bounds [0x0000026513660000, 0x00000265138d0000, 0x0000026513da0000]
 total_blobs=8531 nmethods=7714 adapters=471
 compilation: enabled
              stopped_count=0, restarted_count=0
 full_count=0

Compilation events (20 events):
Event: 7380.480 Thread 0x000002652f92a800 7705       1       org.springframework.data.mongodb.core.convert.MappingMongoConverter::read (365 bytes)
Event: 7380.481 Thread 0x000002652f92a800 nmethod 7705 0x0000026514a22e90 code [0x0000026514a233c0, 0x0000026514a25818]
Event: 7380.481 Thread 0x000002652f92a800 7706       1       org.springframework.data.convert.DefaultTypeMapper::readType (84 bytes)
Event: 7380.482 Thread 0x000002652f92a800 nmethod 7706 0x0000026514a26890 code [0x0000026514a26b00, 0x0000026514a27278]
Event: 7380.482 Thread 0x000002652f92a800 7707       1       org.springframework.data.convert.DefaultTypeMapper::getDefaultedTypeToBeUsed (35 bytes)
Event: 7380.482 Thread 0x000002652f92a800 nmethod 7707 0x0000026514a27690 code [0x0000026514a27880, 0x0000026514a27ba8]
Event: 7380.482 Thread 0x000002652f92a800 7708       1       org.springframework.data.convert.DefaultTypeMapper::readType (21 bytes)
Event: 7380.482 Thread 0x000002652f92a800 nmethod 7708 0x0000026514a27d90 code [0x0000026514a27f60, 0x0000026514a28208]
Event: 7380.482 Thread 0x000002652f92a800 7709       1       org.springframework.data.mongodb.core.convert.DefaultMongoTypeMapper$DocumentTypeAliasAccessor::readAliasFrom (9 bytes)
Event: 7380.482 Thread 0x000002652f92a800 nmethod 7709 0x0000026514a28390 code [0x0000026514a28520, 0x0000026514a28668]
Event: 7380.482 Thread 0x000002652f92a800 7711   !   1       org.apache.catalina.connector.OutputBuffer::doFlush (117 bytes)
Event: 7380.482 Thread 0x000002652f92a800 nmethod 7711 0x0000026514a28710 code [0x0000026514a28940, 0x0000026514a28db8]
Event: 7380.482 Thread 0x000002652f92a800 7712   !   1       org.apache.tomcat.util.net.NioEndpoint$NioSocketWrapper::doWrite (156 bytes)
Event: 7380.483 Thread 0x000002652f92a800 nmethod 7712 0x0000026514a29210 code [0x0000026514a29420, 0x0000026514a298f8]
Event: 7380.483 Thread 0x000002652f92a800 7713       1       org.apache.tomcat.util.net.NioSelectorPool::put (84 bytes)
Event: 7380.483 Thread 0x000002652f92a800 nmethod 7713 0x0000026514a29c90 code [0x0000026514a29e40, 0x0000026514a2a018]
Event: 7380.483 Thread 0x000002652f92a800 7710       1       com.fasterxml.jackson.core.JsonGenerator$Feature::enabledIn (15 bytes)
Event: 7380.483 Thread 0x000002652f92a800 nmethod 7710 0x0000026514a2a190 code [0x0000026514a2a320, 0x0000026514a2a418]
Event: 7380.483 Thread 0x000002652f92a800 7714   !   1       org.apache.coyote.http11.Http11OutputBuffer$SocketOutputBuffer::doWrite (88 bytes)
Event: 7380.483 Thread 0x000002652f92a800 nmethod 7714 0x0000026514a2a490 code [0x0000026514a2a680, 0x0000026514a2aa08]

GC Heap History (20 events):
Event: 323.245 GC heap after
{Heap after GC invocations=20 (full 2):
 garbage-first heap   total 81920K, used 24373K [0x0000000701e00000, 0x0000000800000000)
  region size 1024K, 3 young (3072K), 3 survivors (3072K)
 Metaspace       used 37539K, capacity 39389K, committed 39424K, reserved 1083392K
  class space    used 5185K, capacity 5875K, committed 5888K, reserved 1048576K
}
Event: 935.152 GC heap before
{Heap before GC invocations=20 (full 2):
 garbage-first heap   total 81920K, used 63285K [0x0000000701e00000, 0x0000000800000000)
  region size 1024K, 41 young (41984K), 3 survivors (3072K)
 Metaspace       used 37711K, capacity 39685K, committed 39808K, reserved 1083392K
  class space    used 5208K, capacity 5964K, committed 6016K, reserved 1048576K
}
Event: 935.154 GC heap after
{Heap after GC invocations=21 (full 2):
 garbage-first heap   total 81920K, used 25406K [0x0000000701e00000, 0x0000000800000000)
  region size 1024K, 4 young (4096K), 4 survivors (4096K)
 Metaspace       used 37711K, capacity 39685K, committed 39808K, reserved 1083392K
  class space    used 5208K, capacity 5964K, committed 6016K, reserved 1048576K
}
Event: 2110.826 GC heap before
{Heap before GC invocations=21 (full 2):
 garbage-first heap   total 81920K, used 63294K [0x0000000701e00000, 0x0000000800000000)
  region size 1024K, 41 young (41984K), 4 survivors (4096K)
 Metaspace       used 37795K, capacity 39778K, committed 40064K, reserved 1083392K
  class space    used 5224K, capacity 5982K, committed 6016K, reserved 1048576K
}
Event: 2110.829 GC heap after
{Heap after GC invocations=22 (full 2):
 garbage-first heap   total 81920K, used 25688K [0x0000000701e00000, 0x0000000800000000)
  region size 1024K, 3 young (3072K), 3 survivors (3072K)
 Metaspace       used 37795K, capacity 39778K, committed 40064K, reserved 1083392K
  class space    used 5224K, capacity 5982K, committed 6016K, reserved 1048576K
}
Event: 3335.668 GC heap before
{Heap before GC invocations=22 (full 2):
 garbage-first heap   total 81920K, used 64600K [0x0000000701e00000, 0x0000000800000000)
  region size 1024K, 41 young (41984K), 3 survivors (3072K)
 Metaspace       used 37797K, capacity 39781K, committed 40064K, reserved 1083392K
  class space    used 5225K, capacity 5983K, committed 6016K, reserved 1048576K
}
Event: 3335.671 GC heap after
{Heap after GC invocations=23 (full 2):
 garbage-first heap   total 81920K, used 25681K [0x0000000701e00000, 0x0000000800000000)
  region size 1024K, 3 young (3072K), 3 survivors (3072K)
 Metaspace       used 37797K, capacity 39781K, committed 40064K, reserved 1083392K
  class space    used 5225K, capacity 5983K, committed 6016K, reserved 1048576K
}
Event: 4608.525 GC heap before
{Heap before GC invocations=23 (full 2):
 garbage-first heap   total 81920K, used 65617K [0x0000000701e00000, 0x0000000800000000)
  region size 1024K, 42 young (43008K), 3 survivors (3072K)
 Metaspace       used 37811K, capacity 39793K, committed 40064K, reserved 1083392K
  class space    used 5226K, capacity 5985K, committed 6016K, reserved 1048576K
}
Event: 4608.528 GC heap after
{Heap after GC invocations=24 (full 2):
 garbage-first heap   total 81920K, used 25561K [0x0000000701e00000, 0x0000000800000000)
  region size 1024K, 3 young (3072K), 3 survivors (3072K)
 Metaspace       used 37811K, capacity 39793K, committed 40064K, reserved 1083392K
  class space    used 5226K, capacity 5985K, committed 6016K, reserved 1048576K
}
Event: 5592.800 GC heap before
{Heap before GC invocations=24 (full 2):
 garbage-first heap   total 81920K, used 64473K [0x0000000701e00000, 0x0000000800000000)
  region size 1024K, 42 young (43008K), 3 survivors (3072K)
 Metaspace       used 39138K, capacity 41204K, committed 41344K, reserved 1085440K
  class space    used 5401K, capacity 6181K, committed 6272K, reserved 1048576K
}
Event: 5592.803 GC heap after
{Heap after GC invocations=25 (full 2):
 garbage-first heap   total 81920K, used 25897K [0x0000000701e00000, 0x0000000800000000)
  region size 1024K, 3 young (3072K), 3 survivors (3072K)
 Metaspace       used 39138K, capacity 41204K, committed 41344K, reserved 1085440K
  class space    used 5401K, capacity 6181K, committed 6272K, reserved 1048576K
}
Event: 6811.358 GC heap before
{Heap before GC invocations=25 (full 2):
 garbage-first heap   total 81920K, used 65833K [0x0000000701e00000, 0x0000000800000000)
  region size 1024K, 43 young (44032K), 3 survivors (3072K)
 Metaspace       used 39138K, capacity 41204K, committed 41344K, reserved 1085440K
  class space    used 5401K, capacity 6181K, committed 6272K, reserved 1048576K
}
Event: 6811.361 GC heap after
{Heap after GC invocations=26 (full 2):
 garbage-first heap   total 81920K, used 25978K [0x0000000701e00000, 0x0000000800000000)
  region size 1024K, 3 young (3072K), 3 survivors (3072K)
 Metaspace       used 39138K, capacity 41204K, committed 41344K, reserved 1085440K
  class space    used 5401K, capacity 6181K, committed 6272K, reserved 1048576K
}
Event: 8141.874 GC heap before
{Heap before GC invocations=26 (full 2):
 garbage-first heap   total 81920K, used 66938K [0x0000000701e00000, 0x0000000800000000)
  region size 1024K, 43 young (44032K), 3 survivors (3072K)
 Metaspace       used 39138K, capacity 41204K, committed 41344K, reserved 1085440K
  class space    used 5401K, capacity 6181K, committed 6272K, reserved 1048576K
}
Event: 8141.876 GC heap after
{Heap after GC invocations=27 (full 2):
 garbage-first heap   total 81920K, used 26067K [0x0000000701e00000, 0x0000000800000000)
  region size 1024K, 3 young (3072K), 3 survivors (3072K)
 Metaspace       used 39138K, capacity 41204K, committed 41344K, reserved 1085440K
  class space    used 5401K, capacity 6181K, committed 6272K, reserved 1048576K
}
Event: 9488.441 GC heap before
{Heap before GC invocations=27 (full 2):
 garbage-first heap   total 81920K, used 67027K [0x0000000701e00000, 0x0000000800000000)
  region size 1024K, 43 young (44032K), 3 survivors (3072K)
 Metaspace       used 39138K, capacity 41204K, committed 41344K, reserved 1085440K
  class space    used 5401K, capacity 6181K, committed 6272K, reserved 1048576K
}
Event: 9488.444 GC heap after
{Heap after GC invocations=28 (full 2):
 garbage-first heap   total 81920K, used 25877K [0x0000000701e00000, 0x0000000800000000)
  region size 1024K, 3 young (3072K), 3 survivors (3072K)
 Metaspace       used 39138K, capacity 41204K, committed 41344K, reserved 1085440K
  class space    used 5401K, capacity 6181K, committed 6272K, reserved 1048576K
}
Event: 10823.504 GC heap before
{Heap before GC invocations=28 (full 2):
 garbage-first heap   total 81920K, used 66837K [0x0000000701e00000, 0x0000000800000000)
  region size 1024K, 43 young (44032K), 3 survivors (3072K)
 Metaspace       used 39138K, capacity 41204K, committed 41344K, reserved 1085440K
  class space    used 5401K, capacity 6181K, committed 6272K, reserved 1048576K
}
Event: 10823.507 GC heap after
{Heap after GC invocations=29 (full 2):
 garbage-first heap   total 81920K, used 26004K [0x0000000701e00000, 0x0000000800000000)
  region size 1024K, 3 young (3072K), 3 survivors (3072K)
 Metaspace       used 39138K, capacity 41204K, committed 41344K, reserved 1085440K
  class space    used 5401K, capacity 6181K, committed 6272K, reserved 1048576K
}
Event: 12167.812 GC heap before
{Heap before GC invocations=29 (full 2):
 garbage-first heap   total 81920K, used 66964K [0x0000000701e00000, 0x0000000800000000)
  region size 1024K, 43 young (44032K), 3 survivors (3072K)
 Metaspace       used 39138K, capacity 41204K, committed 41344K, reserved 1085440K
  class space    used 5401K, capacity 6181K, committed 6272K, reserved 1048576K
}

Deoptimization events (4 events):
Event: 1.607 Thread 0x00000265301dc000 DEOPT PACKING pc=0x000002651402c6c4 sp=0x000000a0badfc9a0
Event: 1.607 Thread 0x00000265301dc000 DEOPT UNPACKING pc=0x00000265136a964e sp=0x000000a0badfbf18 mode 0
Event: 19.396 Thread 0x00000265317b9000 DEOPT PACKING pc=0x0000026513eec18c sp=0x000000a0bbffbb30
Event: 19.396 Thread 0x00000265317b9000 DEOPT UNPACKING pc=0x00000265136a964e sp=0x000000a0bbffb058 mode 0

Classes unloaded (3 events):
Event: 2.870 Thread 0x000002652f078000 Unloading class 0x0000000800c19c40 'org/springframework/core/GenericTypeResolver$$Lambda$143'
Event: 322.989 Thread 0x000002652f078000 Unloading class 0x00000008010d5840 'org/apache/catalina/loader/JdbcLeakPrevention'
Event: 322.989 Thread 0x000002652f078000 Unloading class 0x00000008010a3040 'org/apache/catalina/loader/JdbcLeakPrevention'

Classes redefined (0 events):
No events

Internal exceptions (20 events):
Event: 323.281 Thread 0x00000265317b9000 Exception <a 'java/lang/ClassNotFoundException'{0x0000000706a64e98}: com/xjtlubooks/api/entity/CountCustomizer> (0x0000000706a64e98) 
thrown [./open/src/hotspot/share/classfile/systemDictionary.cpp, line 226]
Event: 323.290 Thread 0x00000265317b9000 Exception <a 'java/lang/ClassNotFoundException'{0x00000007069a2408}: java/lang/ObjectCustomizer> (0x00000007069a2408) 
thrown [./open/src/hotspot/share/classfile/systemDictionary.cpp, line 226]
Event: 323.291 Thread 0x00000265317b9000 Exception <a 'java/lang/ClassNotFoundException'{0x00000007069afd80}: com/xjtlubooks/api/controller/CountControllerCustomizer> (0x00000007069afd80) 
thrown [./open/src/hotspot/share/classfile/systemDictionary.cpp, line 226]
Event: 1101.925 Thread 0x00000265319ed000 Exception <a 'java/io/IOException'{0x00000007069bbda8}> (0x00000007069bbda8) 
thrown [./open/src/hotspot/share/prims/jni.cpp, line 599]
Event: 1102.195 Thread 0x00000265319ed000 Exception <a 'java/io/IOException'{0x000000070670af78}> (0x000000070670af78) 
thrown [./open/src/hotspot/share/prims/jni.cpp, line 599]
Event: 1501.560 Thread 0x00000265319eb800 Exception <a 'java/io/IOException'{0x0000000705c4f210}> (0x0000000705c4f210) 
thrown [./open/src/hotspot/share/prims/jni.cpp, line 599]
Event: 2308.797 Thread 0x00000265319ed000 Exception <a 'java/io/IOException'{0x0000000706891a10}> (0x0000000706891a10) 
thrown [./open/src/hotspot/share/prims/jni.cpp, line 599]
Event: 3124.429 Thread 0x00000265319eb800 Exception <a 'java/io/IOException'{0x0000000704fddf58}> (0x0000000704fddf58) 
thrown [./open/src/hotspot/share/prims/jni.cpp, line 599]
Event: 3666.227 Thread 0x00000265319ee800 Exception <a 'java/io/IOException'{0x00000007064b88b8}> (0x00000007064b88b8) 
thrown [./open/src/hotspot/share/prims/jni.cpp, line 599]
Event: 3980.959 Thread 0x00000265319ed000 Exception <a 'java/io/IOException'{0x0000000705a5e0a8}> (0x0000000705a5e0a8) 
thrown [./open/src/hotspot/share/prims/jni.cpp, line 599]
Event: 4881.115 Thread 0x00000265319ec800 Exception <a 'java/io/IOException'{0x00000007066fa3a8}> (0x00000007066fa3a8) 
thrown [./open/src/hotspot/share/prims/jni.cpp, line 599]
Event: 5457.470 Thread 0x00000265319f1000 Exception <a 'java/io/IOException'{0x00000007054b3180}> (0x00000007054b3180) 
thrown [./open/src/hotspot/share/prims/jni.cpp, line 599]
Event: 5457.744 Thread 0x00000265319f1000 Exception <a 'java/io/IOException'{0x00000007053cf7f0}> (0x00000007053cf7f0) 
thrown [./open/src/hotspot/share/prims/jni.cpp, line 599]
Event: 5488.606 Thread 0x00000265319f3000 Exception <a 'java/lang/NoSuchMethodError'{0x0000000704faf4c0}: 'java.lang.Object java.lang.invoke.DirectMethodHandle$Holder.invokeSpecial(java.lang.Object, java.lang.Object, int, java.lang.Object, java.lang.Object)'> (0x0000000704faf4c0) 
thrown [./open/src/hotspot/share/interpreter/linkResolver.cpp, line 766]
Event: 5488.614 Thread 0x00000265319f3000 Exception <a 'java/lang/NoSuchMethodError'{0x0000000704eb0ce8}: 'void java.lang.invoke.Invokers$Holder.invoke_MT(java.lang.Object, java.lang.Object, java.lang.Object, java.lang.Object)'> (0x0000000704eb0ce8) 
thrown [./open/src/hotspot/share/interpreter/linkResolver.cpp, line 766]
Event: 5488.614 Thread 0x00000265319f3000 Exception <a 'java/lang/NoSuchMethodError'{0x0000000704ebef60}: 'java.lang.Object java.lang.invoke.Invokers$Holder.linkToTargetMethod(java.lang.Object, int, java.lang.Object)'> (0x0000000704ebef60) 
thrown [./open/src/hotspot/share/interpreter/linkResolver.cpp, line 766]
Event: 5488.616 Thread 0x00000265319f3000 Exception <a 'java/lang/NoSuchMethodError'{0x0000000704ee96d0}: 'java.lang.Object java.lang.invoke.Invokers$Holder.invoke_MT(java.lang.Object, java.lang.Object, java.lang.Object)'> (0x0000000704ee96d0) 
thrown [./open/src/hotspot/share/interpreter/linkResolver.cpp, line 766]
Event: 5488.626 Thread 0x00000265319f3000 Exception <a 'java/lang/NoSuchMethodError'{0x0000000704df9d10}: 'void java.lang.invoke.DirectMethodHandle$Holder.invokeSpecial(java.lang.Object, java.lang.Object, int)'> (0x0000000704df9d10) 
thrown [./open/src/hotspot/share/interpreter/linkResolver.cpp, line 766]
Event: 5488.626 Thread 0x00000265319f3000 Exception <a 'java/lang/NoSuchMethodError'{0x0000000704c02ac0}: 'void java.lang.invoke.DirectMethodHandle$Holder.invokeSpecial(java.lang.Object, java.lang.Object, long)'> (0x0000000704c02ac0) 
thrown [./open/src/hotspot/share/interpreter/linkResolver.cpp, line 766]
Event: 7380.175 Thread 0x00000265319f1000 Exception <a 'java/io/IOException'{0x0000000705db8890}> (0x0000000705db8890) 
thrown [./open/src/hotspot/share/prims/jni.cpp, line 599]

Events (20 events):
Event: 5504.246 Executing VM operation: BulkRevokeBias done
Event: 5592.800 Executing VM operation: G1CollectForAllocation
Event: 5592.803 Executing VM operation: G1CollectForAllocation done
Event: 5639.911 Executing VM operation: HandshakeOneThread
Event: 5639.911 Executing VM operation: HandshakeOneThread done
Event: 5717.368 Executing VM operation: HandshakeOneThread
Event: 5717.368 Executing VM operation: HandshakeOneThread done
Event: 5956.642 Executing VM operation: HandshakeOneThread
Event: 5956.642 Executing VM operation: HandshakeOneThread done
Event: 6811.358 Executing VM operation: G1CollectForAllocation
Event: 6811.361 Executing VM operation: G1CollectForAllocation done
Event: 7441.023 Executing VM operation: HandshakeOneThread
Event: 7441.023 Executing VM operation: HandshakeOneThread done
Event: 8141.874 Executing VM operation: G1CollectForAllocation
Event: 8141.877 Executing VM operation: G1CollectForAllocation done
Event: 9488.441 Executing VM operation: G1CollectForAllocation
Event: 9488.444 Executing VM operation: G1CollectForAllocation done
Event: 10823.504 Executing VM operation: G1CollectForAllocation
Event: 10823.507 Executing VM operation: G1CollectForAllocation done
Event: 12167.812 Executing VM operation: G1CollectForAllocation


Dynamic libraries:
0x00007ff64dee0000 - 0x00007ff64deef000 	C:\Lang\Java\jdk-14.0.1\bin\java.exe
0x00007ffd63010000 - 0x00007ffd63204000 	C:\Windows\SYSTEM32\ntdll.dll
0x00007ffd610e0000 - 0x00007ffd6119d000 	C:\Windows\System32\KERNEL32.DLL
0x00007ffd60760000 - 0x00007ffd60a27000 	C:\Windows\System32\KERNELBASE.dll
0x00007ffd60ae0000 - 0x00007ffd60be0000 	C:\Windows\System32\ucrtbase.dll
0x00007ffd12660000 - 0x00007ffd12678000 	C:\Lang\Java\jdk-14.0.1\bin\jli.dll
0x00007ffd12640000 - 0x00007ffd12655000 	C:\Lang\Java\jdk-14.0.1\bin\VCRUNTIME140.dll
0x00007ffd61210000 - 0x00007ffd612ba000 	C:\Windows\System32\ADVAPI32.dll
0x00007ffd617c0000 - 0x00007ffd6185e000 	C:\Windows\System32\msvcrt.dll
0x00007ffd615f0000 - 0x00007ffd6168b000 	C:\Windows\System32\sechost.dll
0x00007ffd614c0000 - 0x00007ffd615e3000 	C:\Windows\System32\RPCRT4.dll
0x00007ffd61320000 - 0x00007ffd614c0000 	C:\Windows\System32\USER32.dll
0x00007ffd60c60000 - 0x00007ffd60c82000 	C:\Windows\System32\win32u.dll
0x00007ffd430b0000 - 0x00007ffd4334a000 	C:\Windows\WinSxS\amd64_microsoft.windows.common-controls_6595b64144ccf1df_6.0.19041.1_none_b555e41d4684ddec\COMCTL32.dll
0x00007ffd62860000 - 0x00007ffd6288a000 	C:\Windows\System32\GDI32.dll
0x00007ffd60cc0000 - 0x00007ffd60dca000 	C:\Windows\System32\gdi32full.dll
0x00007ffd60fe0000 - 0x00007ffd6107d000 	C:\Windows\System32\msvcp_win.dll
0x00007ffd587f0000 - 0x00007ffd587fa000 	C:\Windows\SYSTEM32\VERSION.dll
0x00007ffd61e90000 - 0x00007ffd61ec0000 	C:\Windows\System32\IMM32.DLL
0x00007ffd125a0000 - 0x00007ffd1263b000 	C:\Lang\Java\jdk-14.0.1\bin\msvcp140.dll
0x00007ffd11a80000 - 0x00007ffd1259e000 	C:\Lang\Java\jdk-14.0.1\bin\server\jvm.dll
0x00007ffd61200000 - 0x00007ffd61208000 	C:\Windows\System32\PSAPI.DLL
0x00007ffd52bf0000 - 0x00007ffd52bf9000 	C:\Windows\SYSTEM32\WSOCK32.dll
0x00007ffd521e0000 - 0x00007ffd52207000 	C:\Windows\SYSTEM32\WINMM.dll
0x00007ffd62f60000 - 0x00007ffd62fcb000 	C:\Windows\System32\WS2_32.dll
0x00007ffd5f070000 - 0x00007ffd5f083000 	C:\Windows\SYSTEM32\kernel.appcore.dll
0x00007ffd32d80000 - 0x00007ffd32d8a000 	C:\Lang\Java\jdk-14.0.1\bin\jimage.dll
0x00007ffd5ed90000 - 0x00007ffd5ef74000 	C:\Windows\SYSTEM32\DBGHELP.DLL
0x00007ffd47660000 - 0x00007ffd4768c000 	C:\Windows\SYSTEM32\dbgcore.DLL
0x00007ffd60be0000 - 0x00007ffd60c5f000 	C:\Windows\System32\bcryptPrimitives.dll
0x00007ffd2da40000 - 0x00007ffd2da4e000 	C:\Lang\Java\jdk-14.0.1\bin\instrument.dll
0x00007ffd11a50000 - 0x00007ffd11a75000 	C:\Lang\Java\jdk-14.0.1\bin\java.dll
0x00007ffd11a30000 - 0x00007ffd11a46000 	C:\Lang\Java\jdk-14.0.1\bin\zip.dll
0x00007ffd61ec0000 - 0x00007ffd625f5000 	C:\Windows\System32\SHELL32.dll
0x00007ffd5e530000 - 0x00007ffd5ecbf000 	C:\Windows\SYSTEM32\windows.storage.dll
0x00007ffd62960000 - 0x00007ffd62cb3000 	C:\Windows\System32\combase.dll
0x00007ffd601e0000 - 0x00007ffd6020b000 	C:\Windows\SYSTEM32\Wldp.dll
0x00007ffd62e00000 - 0x00007ffd62eae000 	C:\Windows\System32\SHCORE.dll
0x00007ffd611a0000 - 0x00007ffd611f5000 	C:\Windows\System32\shlwapi.dll
0x00007ffd606a0000 - 0x00007ffd606bf000 	C:\Windows\SYSTEM32\profapi.dll
0x00007ffd11a10000 - 0x00007ffd11a29000 	C:\Lang\Java\jdk-14.0.1\bin\net.dll
0x00007ffd571d0000 - 0x00007ffd572d0000 	C:\Windows\SYSTEM32\WINHTTP.dll
0x00007ffd5ff60000 - 0x00007ffd5ffca000 	C:\Windows\system32\mswsock.dll
0x00007ffd119f0000 - 0x00007ffd11a02000 	C:\Lang\Java\jdk-14.0.1\bin\nio.dll
0x00007ffd57360000 - 0x00007ffd5737a000 	C:\DEV\IntelliJ IDEA 2020.1.2\bin\breakgen64.dll
0x00007ffd5fc40000 - 0x00007ffd5fd0a000 	C:\Windows\SYSTEM32\DNSAPI.dll
0x00007ffd5fc00000 - 0x00007ffd5fc3b000 	C:\Windows\SYSTEM32\IPHLPAPI.DLL
0x00007ffd62df0000 - 0x00007ffd62df9000 	C:\Windows\System32\NSI.dll
0x00007ffd56c30000 - 0x00007ffd56c3a000 	C:\Windows\System32\rasadhlp.dll
0x00007ffd56620000 - 0x00007ffd5669f000 	C:\Windows\System32\fwpuclnt.dll
0x00007ffd60c90000 - 0x00007ffd60cb7000 	C:\Windows\System32\bcrypt.dll
0x00007ffd5cfb0000 - 0x00007ffd5cfb9000 	C:\Lang\Java\jdk-14.0.1\bin\management.dll
0x00007ffd57350000 - 0x00007ffd5735b000 	C:\Lang\Java\jdk-14.0.1\bin\management_ext.dll
0x00007ffd60140000 - 0x00007ffd60158000 	C:\Windows\SYSTEM32\CRYPTSP.dll
0x00007ffd5f880000 - 0x00007ffd5f8b4000 	C:\Windows\system32\rsaenh.dll
0x00007ffd60660000 - 0x00007ffd6068e000 	C:\Windows\SYSTEM32\USERENV.dll
0x00007ffd60130000 - 0x00007ffd6013c000 	C:\Windows\SYSTEM32\CRYPTBASE.dll
0x00007ffd573f0000 - 0x00007ffd57407000 	C:\Windows\SYSTEM32\dhcpcsvc6.DLL
0x00007ffd572f0000 - 0x00007ffd5730d000 	C:\Windows\SYSTEM32\dhcpcsvc.DLL
0x00007ffd47430000 - 0x00007ffd47447000 	C:\Windows\system32\napinsp.dll
0x00007ffd50800000 - 0x00007ffd5081b000 	C:\Windows\system32\pnrpnsp.dll
0x00007ffd5a8b0000 - 0x00007ffd5a8c5000 	C:\Windows\system32\wshbth.dll
0x00007ffd5ce50000 - 0x00007ffd5ce6d000 	C:\Windows\system32\NLAapi.dll
0x00007ffd47410000 - 0x00007ffd47422000 	C:\Windows\System32\winrnr.dll
0x00007ffd145b0000 - 0x00007ffd145be000 	C:\Lang\Java\jdk-14.0.1\bin\sunmscapi.dll
0x00007ffd60dd0000 - 0x00007ffd60f2d000 	C:\Windows\System32\CRYPT32.dll
0x00007ffd60250000 - 0x00007ffd60277000 	C:\Windows\SYSTEM32\ncrypt.dll
0x00007ffd60210000 - 0x00007ffd6024b000 	C:\Windows\SYSTEM32\NTASN1.dll
0x00007ffd145c0000 - 0x00007ffd145e5000 	C:\Lang\Java\jdk-14.0.1\bin\sunec.dll

dbghelp: loaded successfully - version: 4.0.5 - missing functions: none
symbol engine: initialized successfully - sym options: 0x614 - pdb path: .;C:\Lang\Java\jdk-14.0.1\bin;C:\Windows\SYSTEM32;C:\Windows\WinSxS\amd64_microsoft.windows.common-controls_6595b64144ccf1df_6.0.19041.1_none_b555e41d4684ddec;C:\Lang\Java\jdk-14.0.1\bin\server;C:\DEV\IntelliJ IDEA 2020.1.2\bin

VM Arguments:
jvm_args: -XX:TieredStopAtLevel=1 -Xverify:none -Dspring.output.ansi.enabled=always -Dcom.sun.management.jmxremote -Dspring.jmx.enabled=true -Dspring.liveBeansView.mbeanDomain -Dspring.application.admin.enabled=true -javaagent:C:\DEV\IntelliJ IDEA 2020.1.2\lib\idea_rt.jar=58150:C:\DEV\IntelliJ IDEA 2020.1.2\bin -Dfile.encoding=UTF-8 
java_command: com.xjtlubooks.api.ApiApplication
java_class_path (initial): C:\Users\zcrbb\Desktop\book\api\target\classes;C:\Users\zcrbb\.m2\repository\org\springframework\boot\spring-boot-starter-data-mongodb\2.3.2.RELEASE\spring-boot-starter-data-mongodb-2.3.2.RELEASE.jar;C:\Users\zcrbb\.m2\repository\org\springframework\boot\spring-boot-starter\2.3.2.RELEASE\spring-boot-starter-2.3.2.RELEASE.jar;C:\Users\zcrbb\.m2\repository\org\springframework\boot\spring-boot-starter-logging\2.3.2.RELEASE\spring-boot-starter-logging-2.3.2.RELEASE.jar;C:\Users\zcrbb\.m2\repository\ch\qos\logback\logback-classic\1.2.3\logback-classic-1.2.3.jar;C:\Users\zcrbb\.m2\repository\ch\qos\logback\logback-core\1.2.3\logback-core-1.2.3.jar;C:\Users\zcrbb\.m2\repository\org\apache\logging\log4j\log4j-to-slf4j\2.13.3\log4j-to-slf4j-2.13.3.jar;C:\Users\zcrbb\.m2\repository\org\apache\logging\log4j\log4j-api\2.13.3\log4j-api-2.13.3.jar;C:\Users\zcrbb\.m2\repository\org\slf4j\jul-to-slf4j\1.7.30\jul-to-slf4j-1.7.30.jar;C:\Users\zcrbb\.m2\repository\jakarta\annotation\jakarta.annotation-api\1.3.5\jakarta.annotation-api-1.3.5.jar;C:\Users\zcrbb\.m2\repository\org\yaml\snakeyaml\1.26\snakeyaml-1.26.jar;C:\Users\zcrbb\.m2\repository\org\mongodb\mongodb-driver-sync\4.0.5\mongodb-driver-sync-4.0.5.jar;C:\Users\zcrbb\.m2\repository\org\mongodb\bson\4.0.5\bson-4.0.5.jar;C:\Users\zcrbb\.m2\repository\org\mongodb\mongodb-driver-core\4.0.5\mongodb-driver-core-4.0.5.jar;C:\Users\zcrbb\.m2\repository\org\springframework\data\spring-data-mongodb\3.0.2.RELEASE\spring-data-mongodb-3.0.2.RELEASE.jar;C:\Users\zcrbb\.m2\repository\org\springframework\spring-tx\5.2.8.RELEASE\spring-tx-5.2.8.RELEASE.jar;C:\Users\zcrbb\.m2\repository\org\springframework\spring-context\5.2.8.RELEASE\spring-context-5.2.8.RELEASE.jar;C:\Users\zcrbb\.m2\repository\org\springframework\spring-beans\5.2.8.RELEASE\spring-beans-5.2.8.RELEASE.jar;C:\Users\zcrbb\.m2\repository\org\springframework\spring-expression\5.2.8.RELEASE\spring-expression-5.2.8.RELEASE.jar;C:\Users\zcrbb\.m2\reposit
Launcher Type: SUN_STANDARD

[Global flags]
     intx CICompilerCount                          = 4                                         {product} {ergonomic}
     uint ConcGCThreads                            = 3                                         {product} {ergonomic}
     uint G1ConcRefinementThreads                  = 10                                        {product} {ergonomic}
   size_t G1HeapRegionSize                         = 1048576                                   {product} {ergonomic}
    uintx GCDrainStackTargetSize                   = 64                                        {product} {ergonomic}
   size_t InitialHeapSize                          = 268435456                                 {product} {ergonomic}
     bool ManagementServer                         = true                                      {product} {command line}
   size_t MarkStackSize                            = 4194304                                   {product} {ergonomic}
   size_t MaxHeapSize                              = 4263510016                                {product} {ergonomic}
   size_t MaxNewSize                               = 2557476864                                {product} {ergonomic}
   size_t MinHeapDeltaBytes                        = 1048576                                   {product} {ergonomic}
   size_t MinHeapSize                              = 8388608                                   {product} {ergonomic}
    uintx NonNMethodCodeHeapSize                   = 7549744                                {pd product} {ergonomic}
    uintx NonProfiledCodeHeapSize                  = 244108496                              {pd product} {ergonomic}
    uintx ProfiledCodeHeapSize                     = 0                                      {pd product} {ergonomic}
    uintx ReservedCodeCacheSize                    = 251658240                              {pd product} {ergonomic}
     bool SegmentedCodeCache                       = true                                      {product} {ergonomic}
   size_t SoftMaxHeapSize                          = 4263510016                             {manageable} {ergonomic}
     intx TieredStopAtLevel                        = 1                                         {product} {command line}
     bool UseCompressedClassPointers               = true                                 {lp64_product} {ergonomic}
     bool UseCompressedOops                        = true                                 {lp64_product} {ergonomic}
     bool UseG1GC                                  = true                                      {product} {ergonomic}
     bool UseLargePagesIndividualAllocation        = false                                  {pd product} {ergonomic}

Logging:
Log output configuration:
 #0: stdout all=warning uptime,level,tags
 #1: stderr all=off uptime,level,tags

Environment Variables:
JAVA_HOME=C:\Lang\Java\jdk-14.0.1\
PATH=C:\Windows\system32;C:\Windows;C:\Windows\System32\Wbem;C:\Windows\System32\WindowsPowerShell\v1.0\;C:\Windows\System32\OpenSSH\;C:\Program Files (x86)\NVIDIA Corporation\PhysX\Common;C:\Lang\nodejs\;C:\Lang\mingw64\bin;C:\Lang\Java\jre1.8.0_231\bin;C:\Lang\Java\jdk-14.0.1\bin;C:\Lang\Julia-1.4.2\bin;C:\DEV\Database\MongoDB\Server\4.2\bin;C:\DEV\Git\bin;C:\App\Google\Chrome\Application;C:\Lang\Java\jdk-14.0.1\\bin;C:\Lang\Java\jdk-14.0.1\\jre\bin;C:\Users\zcrbb\AppData\Roaming\npm\;C:\Users\zcrbb\AppData\Local\Microsoft\WindowsApps;;C:\Users\zcrbb\AppData\Local\Programs\Microsoft VS Code Insiders\bin;C:\Users\zcrbb\AppData\Local\Programs\Microsoft VS Code\bin
USERNAME=zcrbb
OS=Windows_NT
PROCESSOR_IDENTIFIER=Intel64 Family 6 Model 158 Stepping 10, GenuineIntel



---------------  S Y S T E M  ---------------

OS: Windows 10 , 64 bit Build 19041 (10.0.19041.292)
OS uptime: 0 days 3:55 hours

CPU:total 12 (initial active 12) (6 cores per cpu, 2 threads per core) family 6 model 158 stepping 10, cmov, cx8, fxsr, mmx, sse, sse2, sse3, ssse3, sse4.1, sse4.2, popcnt, avx, avx2, aes, clmul, erms, 3dnowpref, lzcnt, ht, tsc, tscinvbit, bmi1, bmi2, adx, fma

Memory: 4k page, system-wide physical 16257M (5377M free)
TotalPageFile size 21291M (AvailPageFile size 3473M)
current process WorkingSet (physical memory assigned to process): 104M, peak: 192M
current process commit charge ("private bytes"): 243M, peak: 392M

vm_info: Java HotSpot(TM) 64-Bit Server VM (14.0.1+7) for windows-amd64 JRE (14.0.1+7), built on Mar  5 2020 10:30:14 by "mach5one" with MS VC++ 15.9 (VS2017)

END.
